<?xml version="1.0" encoding="UTF-8"?>
<TestRun id="9df61b8d-2a5a-42c8-99ae-45c1bccfeecc" name="USUARIO@DELL-PC 2012-09-29 02:16:59" runUser="Dell-PC\USUARIO" xmlns="http://microsoft.com/schemas/VisualStudio/TeamTest/2010">
  <TestSettings name="Local" id="59282945-c858-49ae-8958-999bfedb50cd">
    <Description>These are default test settings for a local test run.</Description>
    <Deployment enabled="false" runDeploymentRoot="USUARIO_DELL-PC 2012-09-29 02_16_59" />
    <Execution>
      <TestTypeSpecific />
      <AgentRule name="Execution Agents">
      </AgentRule>
    </Execution>
  </TestSettings>
  <Times creation="2012-09-29T02:16:59.8023642-05:00" queuing="2012-09-29T02:16:59.8333659-05:00" start="2012-09-29T02:16:59.8403663-05:00" finish="2012-09-29T02:17:04.1126107-05:00" />
  <ResultSummary outcome="Completed">
    <Counters total="1" executed="1" passed="1" error="0" failed="0" timeout="0" aborted="0" inconclusive="0" passedButRunAborted="0" notRunnable="0" notExecuted="0" disconnected="0" warning="0" completed="0" inProgress="0" pending="0" />
  </ResultSummary>
  <TestDefinitions>
    <UnitTest name="CRUDTest" storage="c:\users\usuario\downloads\restservices_maribel\resttests\bin\debug\resttests.dll" id="c0732776-799d-4450-df75-c14983923888">
      <Execution id="2ff7f58f-7756-4cb2-9cd9-dd228d0dcb37" />
      <TestMethod codeBase="C:/Users/USUARIO/Downloads/RESTServices_Maribel/RESTTests/bin/Debug/RESTTests.DLL" adapterTypeName="Microsoft.VisualStudio.TestTools.TestTypes.Unit.UnitTestAdapter, Microsoft.VisualStudio.QualityTools.Tips.UnitTest.Adapter, Version=10.0.0.0, Culture=neutral, PublicKeyToken=b03f5f7f11d50a3a" className="RESTTests.AlumnosText, RESTTests, Version=1.0.0.0, Culture=neutral, PublicKeyToken=null" name="CRUDTest" />
    </UnitTest>
  </TestDefinitions>
  <TestLists>
    <TestList name="Results Not in a List" id="8c84fa94-04c1-424b-9868-57a2d4851a1d" />
    <TestList name="All Loaded Results" id="19431567-8539-422a-85d7-44ee4e166bda" />
  </TestLists>
  <TestEntries>
    <TestEntry testId="c0732776-799d-4450-df75-c14983923888" executionId="2ff7f58f-7756-4cb2-9cd9-dd228d0dcb37" testListId="8c84fa94-04c1-424b-9868-57a2d4851a1d" />
  </TestEntries>
  <Results>
    <UnitTestResult executionId="2ff7f58f-7756-4cb2-9cd9-dd228d0dcb37" testId="c0732776-799d-4450-df75-c14983923888" testName="CRUDTest" computerName="DELL-PC" duration="00:00:04.0545287" startTime="2012-09-29T02:16:59.8413664-05:00" endTime="2012-09-29T02:17:04.0756086-05:00" testType="13cdc9d9-ddb5-4fa4-a97d-d965ccfc6d4b" outcome="Passed" testListId="8c84fa94-04c1-424b-9868-57a2d4851a1d" relativeResultsDirectory="2ff7f58f-7756-4cb2-9cd9-dd228d0dcb37">
    </UnitTestResult>
  </Results>
</TestRun>